<?xml version="1.0" encoding="UTF-8"?>
<testng-results ignored="0" total="1" passed="1" failed="0" skipped="0">
  <reporter-output>
  </reporter-output>
  <suite started-at="2023-10-30T10:52:04 IST" name="Default suite" finished-at="2023-10-30T10:53:11 IST" duration-ms="66707">
    <groups>
    </groups>
    <test started-at="2023-10-30T10:52:04 IST" name="Default test" finished-at="2023-10-30T10:53:11 IST" duration-ms="66707">
      <class name="testCases.signup_testcases">
        <test-method is-config="true" signature="Setup()[pri:0, instance:testCases.signup_testcases@5b247367]" started-at="2023-10-30T10:52:04 IST" name="Setup" finished-at="2023-10-30T10:52:08 IST" duration-ms="3321" status="PASS">
          <reporter-output>
          </reporter-output>
        </test-method> <!-- Setup -->
        <test-method signature="signuppage()[pri:0, instance:testCases.signup_testcases@5b247367]" started-at="2023-10-30T10:52:08 IST" name="signuppage" finished-at="2023-10-30T10:53:11 IST" duration-ms="63149" status="PASS">
          <reporter-output>
          </reporter-output>
        </test-method> <!-- signuppage -->
        <test-method is-config="true" signature="tearup()[pri:0, instance:testCases.signup_testcases@5b247367]" started-at="2023-10-30T10:53:11 IST" name="tearup" finished-at="2023-10-30T10:53:11 IST" duration-ms="195" status="PASS">
          <reporter-output>
          </reporter-output>
        </test-method> <!-- tearup -->
      </class> <!-- testCases.signup_testcases -->
    </test> <!-- Default test -->
  </suite> <!-- Default suite -->
</testng-results>
