<?xml version="1.0" encoding="UTF-8"?>
<testng-results ignored="0" total="1" passed="1" failed="0" skipped="0">
  <reporter-output>
  </reporter-output>
  <suite started-at="2023-09-22T17:34:14 IST" name="Default suite" finished-at="2023-09-22T17:35:23 IST" duration-ms="68631">
    <groups>
    </groups>
    <test started-at="2023-09-22T17:34:14 IST" name="Default test" finished-at="2023-09-22T17:35:23 IST" duration-ms="68631">
      <class name="Testing.login">
        <test-method is-config="true" signature="openApp()[pri:0, instance:Testing.login@16eb3ea3]" started-at="2023-09-22T17:34:14 IST" name="openApp" finished-at="2023-09-22T17:34:19 IST" duration-ms="4657" status="PASS">
          <reporter-output>
          </reporter-output>
        </test-method> <!-- openApp -->
        <test-method signature="loginpages()[pri:0, instance:Testing.login@16eb3ea3]" started-at="2023-09-22T17:34:19 IST" name="loginpages" finished-at="2023-09-22T17:35:22 IST" duration-ms="63737" status="PASS">
          <reporter-output>
          </reporter-output>
        </test-method> <!-- loginpages -->
        <test-method is-config="true" signature="tearup()[pri:0, instance:Testing.login@16eb3ea3]" started-at="2023-09-22T17:35:22 IST" name="tearup" finished-at="2023-09-22T17:35:23 IST" duration-ms="196" status="PASS">
          <reporter-output>
          </reporter-output>
        </test-method> <!-- tearup -->
      </class> <!-- Testing.login -->
    </test> <!-- Default test -->
  </suite> <!-- Default suite -->
</testng-results>
